Analysis initiated from SIMULIA established products
Abaqus JOB Job-1
Abaqus 3DEXPERIENCE R2017x
Abaqus License Manager checked out the following licenses:
Abaqus/Standard checked out 5 tokens from Flexnet server license2.rz.rwth-aachen.de.
<1071 out of 1600 licenses remain available>.
Begin Analysis Input File Processor
01.07.2025 18:18:42
Run pre.exe
01.07.2025 18:18:45
End Analysis Input File Processor
Begin Abaqus/Standard Analysis
01.07.2025 18:18:45
Run standard.exe
01.07.2025 18:19:10
End Abaqus/Standard Analysis
Begin MFS->SFS and SIM cleanup
01.07.2025 18:19:12
Run SMASimUtility.exe
01.07.2025 18:19:12
End MFS->SFS and SIM cleanup
Abaqus JOB Job-1 COMPLETED
