Analysis initiated from SIMULIA established products
Abaqus JOB FinalJOB
Abaqus 3DEXPERIENCE R2017x
Abaqus License Manager checked out the following licenses:
Abaqus/Standard checked out 5 tokens from Flexnet server license2.rz.rwth-aachen.de.
<1091 out of 1600 licenses remain available>.
Begin Analysis Input File Processor
02.07.2025 16:01:42
Run pre.exe
02.07.2025 16:01:46
End Analysis Input File Processor
Begin Abaqus/Standard Analysis
02.07.2025 16:01:46
Run standard.exe
02.07.2025 16:02:12
End Abaqus/Standard Analysis
Begin MFS->SFS and SIM cleanup
02.07.2025 16:02:12
Run SMASimUtility.exe
02.07.2025 16:02:13
End MFS->SFS and SIM cleanup
Abaqus JOB FinalJOB COMPLETED
